\BOOKMARK [1][-]{Doc-Start}{Personal Data}{}% 1
\BOOKMARK [1][-]{Doc-Start}{Training}{}% 2
\BOOKMARK [1][-]{Doc-Start}{Education}{}% 3
\BOOKMARK [1][-]{Doc-Start}{Licensure and Board Certification}{}% 4
\BOOKMARK [2][-]{section*.1}{State Licensure}{Doc-Start}% 5
\BOOKMARK [2][-]{section*.1}{American Board of Psychiatry and Neurology Certification}{Doc-Start}% 6
\BOOKMARK [1][-]{section*.1}{Honors}{}% 7
\BOOKMARK [2][-]{section*.2}{National}{section*.1}% 8
\BOOKMARK [2][-]{section*.2}{University}{section*.1}% 9
\BOOKMARK [1][-]{section*.2}{Professional Organizations, Societies and Service}{}% 10
\BOOKMARK [2][-]{section*.3}{National Memberships and Positions}{section*.2}% 11
\BOOKMARK [2][-]{section*.3}{Regional Memberships and Positions}{section*.2}% 12
\BOOKMARK [2][-]{section*.3}{Leadership}{section*.2}% 13
\BOOKMARK [1][-]{section*.3}{Teaching Experience and Responsibilities}{}% 14
\BOOKMARK [2][-]{section*.4}{Specific Courses \(Northwestern University Feinberg School of Medicine\)}{section*.3}% 15
\BOOKMARK [2][-]{section*.4}{Specific Courses \(David Geffen School of Medicine at UCLA\)}{section*.3}% 16
\BOOKMARK [1][-]{section*.4}{Publications}{}% 17
\BOOKMARK [2][-]{section*.5}{Books and Chapters}{section*.4}% 18
\BOOKMARK [2][-]{section*.5}{Reviews and Editorials}{section*.4}% 19
\BOOKMARK [2][-]{section*.5}{Abstracts}{section*.4}% 20
